<?xml version="1.0" encoding="UTF-8"?>
<!-- Generated by org.testng.reporters.JUnitXMLReporter -->
<testsuite hostname="DESKTOP-OQ3P6LF" ignored="2" name="Default test" tests="1" failures="0" timestamp="2022-02-04T08:40:14 IST" time="26.073" errors="0">
  <testcase name="runUserChoice" time="24.481" classname="testBatches.TestBatches"/>
  <testcase name="regressionSuite" time="0.0" classname="testBatches.TestBatches">
    <ignored/>
  </testcase> <!-- regressionSuite -->
  <testcase name="smokeSuite" time="0.0" classname="testBatches.TestBatches">
    <ignored/>
  </testcase> <!-- smokeSuite -->
</testsuite> <!-- Default test -->
