<?xml version="1.0" encoding="UTF-8"?>
<!-- Generated by org.testng.reporters.JUnitXMLReporter -->
<testsuite hostname="DESKTOP-OQ3P6LF" ignored="0" name="Default test" tests="4" failures="0" timestamp="2022-02-03T10:57:12 IST" time="0.161" errors="0">
  <testcase name="bookCar" time="0.035" classname="practiceTestNG.PracticeTestNG"/>
  <testcase name="bookCruise" time="0.003" classname="practiceTestNG.PracticeTestNG"/>
  <testcase name="bookFlight" time="0.003" classname="practiceTestNG.PracticeTestNG"/>
  <testcase name="bookHotel" time="0.003" classname="practiceTestNG.PracticeTestNG"/>
</testsuite> <!-- Default test -->
