<?xml version="1.0" encoding="UTF-8"?>
<!-- Generated by org.testng.reporters.JUnitXMLReporter -->
<testsuite hostname="DESKTOP-OQ3P6LF" ignored="0" name="Smoke Test" tests="4" failures="0" timestamp="2022-02-03T10:58:32 IST" time="0.148" errors="0">
  <testcase name="bookCar" time="0.023" classname="practiceTestNG.PracticeTestNG"/>
  <testcase name="bookCruise" time="0.003" classname="practiceTestNG.PracticeTestNG"/>
  <testcase name="bookFlight" time="0.004" classname="practiceTestNG.PracticeTestNG"/>
  <testcase name="bookHotel" time="0.003" classname="practiceTestNG.PracticeTestNG"/>
</testsuite> <!-- Smoke Test -->
