<?xml version="1.0" encoding="UTF-8"?>
<testng-results skipped="0" failed="0" ignored="2" total="3" passed="1">
  <reporter-output>
  </reporter-output>
  <suite name="Default suite" duration-ms="26073" started-at="2022-02-04T08:39:48 IST" finished-at="2022-02-04T08:40:14 IST">
    <groups>
    </groups>
    <test name="Default test" duration-ms="26073" started-at="2022-02-04T08:39:48 IST" finished-at="2022-02-04T08:40:14 IST">
      <class name="testBatches.TestBatches">
        <test-method status="PASS" signature="runUserChoice()[pri:0, instance:testBatches.TestBatches@557a1e2d]" name="runUserChoice" duration-ms="24481" started-at="2022-02-04T08:39:48 IST" finished-at="2022-02-04T08:40:13 IST">
          <reporter-output>
          </reporter-output>
        </test-method> <!-- runUserChoice -->
        <test-method status="PASS" signature="cleanUp()[pri:0, instance:testBatches.TestBatches@557a1e2d]" name="cleanUp" is-config="true" duration-ms="1527" started-at="2022-02-04T08:40:13 IST" finished-at="2022-02-04T08:40:14 IST">
          <reporter-output>
          </reporter-output>
        </test-method> <!-- cleanUp -->
      </class> <!-- testBatches.TestBatches -->
    </test> <!-- Default test -->
  </suite> <!-- Default suite -->
</testng-results>
